2022-07-18 16:42:51,606 — CRANlogger — INFO — CRANSource:push:78 — Package ACEP not found: Attempting item creation...
2022-07-18 16:42:56,994 — CRANlogger — INFO — RPackage:create:168 — Package created with ID Q53.
2022-07-18 16:42:59,395 — CRANlogger — INFO — CRANSource:push:78 — Package admiral not found: Attempting item creation...
2022-07-19 16:15:54,433 — CRANlogger — INFO — CRANSource:push:78 — Package bbsBayes not found: Attempting item creation...
2022-07-19 16:16:00,607 — CRANlogger — INFO — RPackage:create:168 — Package created with ID Q54.
2022-07-19 16:16:03,037 — CRANlogger — INFO — CRANSource:push:78 — Package bursts not found: Attempting item creation...
2022-07-19 16:16:07,937 — CRANlogger — INFO — RPackage:create:168 — Package created with ID Q56.
2022-07-19 16:16:10,339 — CRANlogger — INFO — CRANSource:push:78 — Package cfda not found: Attempting item creation...
2022-07-19 16:16:17,029 — CRANlogger — INFO — RPackage:create:168 — Package created with ID Q61.
2022-07-19 16:16:19,439 — CRANlogger — INFO — CRANSource:push:78 — Package cleaR not found: Attempting item creation...
2022-07-19 16:16:23,695 — CRANlogger — INFO — RPackage:create:168 — Package created with ID Q63.
2022-07-19 16:16:26,083 — CRANlogger — INFO — CRANSource:push:78 — Package DEET not found: Attempting item creation...
2022-07-19 16:16:35,459 — CRANlogger — INFO — RPackage:create:168 — Package created with ID Q71.
2022-07-19 16:16:37,883 — CRANlogger — INFO — CRANSource:push:78 — Package EpiModel not found: Attempting item creation...
2022-07-19 16:16:48,977 — CRANlogger — INFO — RPackage:create:168 — Package created with ID Q81.
2022-07-19 16:16:51,403 — CRANlogger — INFO — CRANSource:push:78 — Package FossilSim not found: Attempting item creation...
2022-07-19 16:16:57,359 — CRANlogger — INFO — RPackage:create:168 — Package created with ID Q86.
2022-07-19 16:16:59,771 — CRANlogger — INFO — CRANSource:push:78 — Package genekitr not found: Attempting item creation...
2022-07-19 16:17:04,246 — CRANlogger — INFO — RPackage:create:168 — Package created with ID Q88.
2022-07-19 16:17:06,677 — CRANlogger — INFO — CRANSource:push:78 — Package isogeochem not found: Attempting item creation...
2022-07-19 16:17:11,136 — CRANlogger — INFO — RPackage:create:168 — Package created with ID Q90.
2022-07-19 16:17:13,554 — CRANlogger — INFO — CRANSource:push:78 — Package jacobi not found: Attempting item creation...
2022-07-19 16:17:18,080 — CRANlogger — INFO — RPackage:create:168 — Package created with ID Q93.
2022-07-19 16:17:20,494 — CRANlogger — INFO — CRANSource:push:78 — Package lidaRtRee not found: Attempting item creation...
2022-07-19 16:17:25,339 — CRANlogger — INFO — RPackage:create:168 — Package created with ID Q95.
2022-07-19 16:17:27,751 — CRANlogger — INFO — CRANSource:push:78 — Package mfaces not found: Attempting item creation...
2022-07-19 16:17:33,053 — CRANlogger — INFO — RPackage:create:168 — Package created with ID Q98.
2022-07-19 16:17:35,449 — CRANlogger — INFO — CRANSource:push:78 — Package nhdplusTools not found: Attempting item creation...
2022-07-19 16:17:40,738 — CRANlogger — INFO — RPackage:create:168 — Package created with ID Q101.
2022-07-19 16:17:43,137 — CRANlogger — INFO — CRANSource:push:78 — Package ORKM not found: Attempting item creation...
2022-07-19 16:17:51,340 — CRANlogger — INFO — RPackage:create:168 — Package created with ID Q106.
2022-07-19 16:17:53,777 — CRANlogger — INFO — CRANSource:push:78 — Package plot3logit not found: Attempting item creation...
2022-07-26 16:41:30,308 — CRANlogger — INFO — CRANSource:push:78 — Package forecast not found: Attempting item creation...
